<?xml version="1.0" encoding="UTF-8"?>
<testsuite xmlns:xsi="http://www.w3.org/2001/XMLSchema-instance" xsi:noNamespaceSchemaLocation="https://maven.apache.org/surefire/maven-failsafe-plugin/xsd/failsafe-test-report-3.0.xsd" version="3.0" name="ie.nuig.i3market.web.rest.AccountResourceIT" time="9.257" tests="1" errors="0" skipped="0" failures="0">
  <properties>
    <property name="java.specification.version" value="14"/>
    <property name="sun.jnu.encoding" value="UTF-8"/>
    <property name="java.class.path" value="/Users/user/Martin-IOT/git/i3market-api/target/test-classes:/Users/user/Martin-IOT/git/i3market-api/target/classes:/Users/user/.m2/repository/org/apache/jena/jena-arq/3.14.0/jena-arq-3.14.0.jar:/Users/user/.m2/repository/org/apache/jena/jena-shaded-guava/3.14.0/jena-shaded-guava-3.14.0.jar:/Users/user/.m2/repository/org/apache/httpcomponents/httpclient/4.5.12/httpclient-4.5.12.jar:/Users/user/.m2/repository/org/apache/httpcomponents/httpcore/4.4.13/httpcore-4.4.13.jar:/Users/user/.m2/repository/com/github/jsonld-java/jsonld-java/0.12.5/jsonld-java-0.12.5.jar:/Users/user/.m2/repository/commons-io/commons-io/2.6/commons-io-2.6.jar:/Users/user/.m2/repository/com/fasterxml/jackson/core/jackson-core/2.10.4/jackson-core-2.10.4.jar:/Users/user/.m2/repository/com/fasterxml/jackson/core/jackson-databind/2.10.4/jackson-databind-2.10.4.jar:/Users/user/.m2/repository/org/apache/httpcomponents/httpclient-cache/4.5.12/httpclient-cache-4.5.12.jar:/Users/user/.m2/repository/org/apache/thrift/libthrift/0.13.0/libthrift-0.13.0.jar:/Users/user/.m2/repository/org/slf4j/jcl-over-slf4j/1.7.30/jcl-over-slf4j-1.7.30.jar:/Users/user/.m2/repository/org/apache/commons/commons-lang3/3.9/commons-lang3-3.9.jar:/Users/user/.m2/repository/org/slf4j/slf4j-api/1.7.30/slf4j-api-1.7.30.jar:/Users/user/.m2/repository/org/apache/jena/jena-core/3.14.0/jena-core-3.14.0.jar:/Users/user/.m2/repository/org/apache/jena/jena-iri/3.14.0/jena-iri-3.14.0.jar:/Users/user/.m2/repository/commons-cli/commons-cli/1.4/commons-cli-1.4.jar:/Users/user/.m2/repository/commons-codec/commons-codec/1.13/commons-codec-1.13.jar:/Users/user/.m2/repository/org/apache/jena/jena-base/3.14.0/jena-base-3.14.0.jar:/Users/user/.m2/repository/org/apache/commons/commons-csv/1.7/commons-csv-1.7.jar:/Users/user/.m2/repository/com/github/andrewoma/dexx/collection/0.7/collection-0.7.jar:/Users/user/.m2/repository/org/apache/jena/jena-rdfconnection/3.10.0/jena-rdfconnection-3.10.0.jar:/Users/user/.m2/repository/io/github/jhipster/jhipster-framework/3.9.0/jhipster-framework-3.9.0.jar:/Users/user/.m2/repository/org/springframework/spring-context-support/5.2.6.RELEASE/spring-context-support-5.2.6.RELEASE.jar:/Users/user/.m2/repository/org/springframework/spring-beans/5.2.6.RELEASE/spring-beans-5.2.6.RELEASE.jar:/Users/user/.m2/repository/org/springframework/spring-context/5.2.6.RELEASE/spring-context-5.2.6.RELEASE.jar:/Users/user/.m2/repository/org/springframework/boot/spring-boot-autoconfigure/2.2.7.RELEASE/spring-boot-autoconfigure-2.2.7.RELEASE.jar:/Users/user/.m2/repository/javax/annotation/javax.annotation-api/1.3.2/javax.annotation-api-1.3.2.jar:/Users/user/.m2/repository/org/springframework/boot/spring-boot-starter-cache/2.2.7.RELEASE/spring-boot-starter-cache-2.2.7.RELEASE.jar:/Users/user/.m2/repository/org/springframework/boot/spring-boot-starter/2.2.7.RELEASE/spring-boot-starter-2.2.7.RELEASE.jar:/Users/user/.m2/repository/jakarta/annotation/jakarta.annotation-api/1.3.5/jakarta.annotation-api-1.3.5.jar:/Users/user/.m2/repository/org/yaml/snakeyaml/1.25/snakeyaml-1.25.jar:/Users/user/.m2/repository/com/fasterxml/jackson/datatype/jackson-datatype-hppc/2.10.4/jackson-datatype-hppc-2.10.4.jar:/Users/user/.m2/repository/com/carrotsearch/hppc/0.8.1/hppc-0.8.1.jar:/Users/user/.m2/repository/com/fasterxml/jackson/datatype/jackson-datatype-jsr310/2.10.4/jackson-datatype-jsr310-2.10.4.jar:/Users/user/.m2/repository/com/fasterxml/jackson/core/jackson-annotations/2.10.4/jackson-annotations-2.10.4.jar:/Users/user/.m2/repository/io/springfox/springfox-swagger2/2.9.2/springfox-swagger2-2.9.2.jar:/Users/user/.m2/repository/io/swagger/swagger-annotations/1.5.20/swagger-annotations-1.5.20.jar:/Users/user/.m2/repository/io/swagger/swagger-models/1.5.20/swagger-models-1.5.20.jar:/Users/user/.m2/repository/io/springfox/springfox-spi/2.9.2/springfox-spi-2.9.2.jar:/Users/user/.m2/repository/io/springfox/springfox-core/2.9.2/springfox-core-2.9.2.jar:/Users/user/.m2/repository/io/springfox/springfox-schema/2.9.2/springfox-schema-2.9.2.jar:/Users/user/.m2/repository/io/springfox/springfox-swagger-common/2.9.2/springfox-swagger-common-2.9.2.jar:/Users/user/.m2/repository/io/springfox/springfox-spring-web/2.9.2/springfox-spring-web-2.9.2.jar:/Users/user/.m2/repository/com/google/guava/guava/29.0-jre/guava-29.0-jre.jar:/Users/user/.m2/repository/com/google/guava/failureaccess/1.0.1/failureaccess-1.0.1.jar:/Users/user/.m2/repository/com/google/guava/listenablefuture/9999.0-empty-to-avoid-conflict-with-guava/listenablefuture-9999.0-empty-to-avoid-conflict-with-guava.jar:/Users/user/.m2/repository/org/checkerframework/checker-qual/2.11.1/checker-qual-2.11.1.jar:/Users/user/.m2/repository/com/google/errorprone/error_prone_annotations/2.3.4/error_prone_annotations-2.3.4.jar:/Users/user/.m2/repository/com/google/j2objc/j2objc-annotations/1.3/j2objc-annotations-1.3.jar:/Users/user/.m2/repository/com/fasterxml/classmate/1.5.1/classmate-1.5.1.jar:/Users/user/.m2/repository/org/springframework/plugin/spring-plugin-core/1.2.0.RELEASE/spring-plugin-core-1.2.0.RELEASE.jar:/Users/user/.m2/repository/org/springframework/plugin/spring-plugin-metadata/1.2.0.RELEASE/spring-plugin-metadata-1.2.0.RELEASE.jar:/Users/user/.m2/repository/io/springfox/springfox-swagger-ui/2.9.2/springfox-swagger-ui-2.9.2.jar:/Users/user/.m2/repository/io/springfox/springfox-bean-validators/2.9.2/springfox-bean-validators-2.9.2.jar:/Users/user/.m2/repository/javax/cache/cache-api/1.1.1/cache-api-1.1.1.jar:/Users/user/.m2/repository/org/ehcache/ehcache/3.8.1/ehcache-3.8.1.jar:/Users/user/.m2/repository/org/glassfish/jaxb/jaxb-runtime/2.3.3/jaxb-runtime-2.3.3.jar:/Users/user/.m2/repository/org/glassfish/jaxb/txw2/2.3.3/txw2-2.3.3.jar:/Users/user/.m2/repository/com/sun/istack/istack-commons-runtime/3.0.11/istack-commons-runtime-3.0.11.jar:/Users/user/.m2/repository/com/sun/activation/jakarta.activation/1.2.2/jakarta.activation-1.2.2.jar:/Users/user/.m2/repository/net/logstash/logback/logstash-logback-encoder/6.3/logstash-logback-encoder-6.3.jar:/Users/user/.m2/repository/org/mapstruct/mapstruct/1.3.1.Final/mapstruct-1.3.1.Final.jar:/Users/user/.m2/repository/org/mapstruct/mapstruct-processor/1.3.1.Final/mapstruct-processor-1.3.1.Final.jar:/Users/user/.m2/repository/org/springframework/boot/spring-boot-configuration-processor/2.2.7.RELEASE/spring-boot-configuration-processor-2.2.7.RELEASE.jar:/Users/user/.m2/repository/org/springframework/boot/spring-boot-loader-tools/2.2.7.RELEASE/spring-boot-loader-tools-2.2.7.RELEASE.jar:/Users/user/.m2/repository/org/springframework/spring-core/5.2.6.RELEASE/spring-core-5.2.6.RELEASE.jar:/Users/user/.m2/repository/org/springframework/spring-jcl/5.2.6.RELEASE/spring-jcl-5.2.6.RELEASE.jar:/Users/user/.m2/repository/org/apache/commons/commons-compress/1.19/commons-compress-1.19.jar:/Users/user/.m2/repository/org/springframework/boot/spring-boot-starter-actuator/2.2.7.RELEASE/spring-boot-starter-actuator-2.2.7.RELEASE.jar:/Users/user/.m2/repository/org/springframework/boot/spring-boot-actuator-autoconfigure/2.2.7.RELEASE/spring-boot-actuator-autoconfigure-2.2.7.RELEASE.jar:/Users/user/.m2/repository/org/springframework/boot/spring-boot-actuator/2.2.7.RELEASE/spring-boot-actuator-2.2.7.RELEASE.jar:/Users/user/.m2/repository/io/micrometer/micrometer-core/1.4.2/micrometer-core-1.4.2.jar:/Users/user/.m2/repository/org/hdrhistogram/HdrHistogram/2.1.12/HdrHistogram-2.1.12.jar:/Users/user/.m2/repository/org/latencyutils/LatencyUtils/2.0.3/LatencyUtils-2.0.3.jar:/Users/user/.m2/repository/org/springframework/boot/spring-boot-starter-aop/2.2.7.RELEASE/spring-boot-starter-aop-2.2.7.RELEASE.jar:/Users/user/.m2/repository/org/springframework/spring-aop/5.2.6.RELEASE/spring-aop-5.2.6.RELEASE.jar:/Users/user/.m2/repository/org/aspectj/aspectjweaver/1.9.5/aspectjweaver-1.9.5.jar:/Users/user/.m2/repository/org/springframework/boot/spring-boot-starter-logging/2.2.7.RELEASE/spring-boot-starter-logging-2.2.7.RELEASE.jar:/Users/user/.m2/repository/ch/qos/logback/logback-classic/1.2.3/logback-classic-1.2.3.jar:/Users/user/.m2/repository/ch/qos/logback/logback-core/1.2.3/logback-core-1.2.3.jar:/Users/user/.m2/repository/org/apache/logging/log4j/log4j-to-slf4j/2.12.1/log4j-to-slf4j-2.12.1.jar:/Users/user/.m2/repository/org/apache/logging/log4j/log4j-api/2.12.1/log4j-api-2.12.1.jar:/Users/user/.m2/repository/org/slf4j/jul-to-slf4j/1.7.30/jul-to-slf4j-1.7.30.jar:/Users/user/.m2/repository/org/springframework/boot/spring-boot-starter-mail/2.2.7.RELEASE/spring-boot-starter-mail-2.2.7.RELEASE.jar:/Users/user/.m2/repository/com/sun/mail/jakarta.mail/1.6.5/jakarta.mail-1.6.5.jar:/Users/user/.m2/repository/org/springframework/boot/spring-boot-starter-security/2.2.7.RELEASE/spring-boot-starter-security-2.2.7.RELEASE.jar:/Users/user/.m2/repository/org/springframework/security/spring-security-config/5.2.4.RELEASE/spring-security-config-5.2.4.RELEASE.jar:/Users/user/.m2/repository/org/springframework/security/spring-security-web/5.2.4.RELEASE/spring-security-web-5.2.4.RELEASE.jar:/Users/user/.m2/repository/org/springframework/spring-expression/5.2.6.RELEASE/spring-expression-5.2.6.RELEASE.jar:/Users/user/.m2/repository/org/springframework/boot/spring-boot-starter-thymeleaf/2.2.7.RELEASE/spring-boot-starter-thymeleaf-2.2.7.RELEASE.jar:/Users/user/.m2/repository/org/thymeleaf/thymeleaf-spring5/3.0.11.RELEASE/thymeleaf-spring5-3.0.11.RELEASE.jar:/Users/user/.m2/repository/org/thymeleaf/thymeleaf/3.0.11.RELEASE/thymeleaf-3.0.11.RELEASE.jar:/Users/user/.m2/repository/org/attoparser/attoparser/2.0.5.RELEASE/attoparser-2.0.5.RELEASE.jar:/Users/user/.m2/repository/org/unbescape/unbescape/1.1.6.RELEASE/unbescape-1.1.6.RELEASE.jar:/Users/user/.m2/repository/org/thymeleaf/extras/thymeleaf-extras-java8time/3.0.4.RELEASE/thymeleaf-extras-java8time-3.0.4.RELEASE.jar:/Users/user/.m2/repository/org/springframework/boot/spring-boot-starter-web/2.2.7.RELEASE/spring-boot-starter-web-2.2.7.RELEASE.jar:/Users/user/.m2/repository/org/springframework/boot/spring-boot-starter-json/2.2.7.RELEASE/spring-boot-starter-json-2.2.7.RELEASE.jar:/Users/user/.m2/repository/com/fasterxml/jackson/datatype/jackson-datatype-jdk8/2.10.4/jackson-datatype-jdk8-2.10.4.jar:/Users/user/.m2/repository/com/fasterxml/jackson/module/jackson-module-parameter-names/2.10.4/jackson-module-parameter-names-2.10.4.jar:/Users/user/.m2/repository/org/springframework/boot/spring-boot-starter-validation/2.2.7.RELEASE/spring-boot-starter-validation-2.2.7.RELEASE.jar:/Users/user/.m2/repository/jakarta/validation/jakarta.validation-api/2.0.2/jakarta.validation-api-2.0.2.jar:/Users/user/.m2/repository/org/hibernate/validator/hibernate-validator/6.0.19.Final/hibernate-validator-6.0.19.Final.jar:/Users/user/.m2/repository/org/springframework/spring-web/5.2.6.RELEASE/spring-web-5.2.6.RELEASE.jar:/Users/user/.m2/repository/org/springframework/spring-webmvc/5.2.6.RELEASE/spring-webmvc-5.2.6.RELEASE.jar:/Users/user/.m2/repository/org/springframework/boot/spring-boot-starter-test/2.2.7.RELEASE/spring-boot-starter-test-2.2.7.RELEASE.jar:/Users/user/.m2/repository/org/springframework/boot/spring-boot-test-autoconfigure/2.2.7.RELEASE/spring-boot-test-autoconfigure-2.2.7.RELEASE.jar:/Users/user/.m2/repository/com/jayway/jsonpath/json-path/2.4.0/json-path-2.4.0.jar:/Users/user/.m2/repository/net/minidev/json-smart/2.3/json-smart-2.3.jar:/Users/user/.m2/repository/net/minidev/accessors-smart/1.2/accessors-smart-1.2.jar:/Users/user/.m2/repository/org/ow2/asm/asm/5.0.4/asm-5.0.4.jar:/Users/user/.m2/repository/jakarta/xml/bind/jakarta.xml.bind-api/2.3.3/jakarta.xml.bind-api-2.3.3.jar:/Users/user/.m2/repository/jakarta/activation/jakarta.activation-api/1.2.2/jakarta.activation-api-1.2.2.jar:/Users/user/.m2/repository/org/junit/jupiter/junit-jupiter/5.5.2/junit-jupiter-5.5.2.jar:/Users/user/.m2/repository/org/junit/jupiter/junit-jupiter-api/5.5.2/junit-jupiter-api-5.5.2.jar:/Users/user/.m2/repository/org/opentest4j/opentest4j/1.2.0/opentest4j-1.2.0.jar:/Users/user/.m2/repository/org/junit/platform/junit-platform-commons/1.5.2/junit-platform-commons-1.5.2.jar:/Users/user/.m2/repository/org/junit/jupiter/junit-jupiter-params/5.5.2/junit-jupiter-params-5.5.2.jar:/Users/user/.m2/repository/org/junit/jupiter/junit-jupiter-engine/5.5.2/junit-jupiter-engine-5.5.2.jar:/Users/user/.m2/repository/org/mockito/mockito-junit-jupiter/3.1.0/mockito-junit-jupiter-3.1.0.jar:/Users/user/.m2/repository/org/assertj/assertj-core/3.13.2/assertj-core-3.13.2.jar:/Users/user/.m2/repository/org/hamcrest/hamcrest/2.1/hamcrest-2.1.jar:/Users/user/.m2/repository/org/mockito/mockito-core/3.1.0/mockito-core-3.1.0.jar:/Users/user/.m2/repository/net/bytebuddy/byte-buddy/1.10.10/byte-buddy-1.10.10.jar:/Users/user/.m2/repository/net/bytebuddy/byte-buddy-agent/1.10.10/byte-buddy-agent-1.10.10.jar:/Users/user/.m2/repository/org/objenesis/objenesis/2.6/objenesis-2.6.jar:/Users/user/.m2/repository/org/skyscreamer/jsonassert/1.5.0/jsonassert-1.5.0.jar:/Users/user/.m2/repository/org/springframework/spring-test/5.2.6.RELEASE/spring-test-5.2.6.RELEASE.jar:/Users/user/.m2/repository/org/xmlunit/xmlunit-core/2.6.4/xmlunit-core-2.6.4.jar:/Users/user/.m2/repository/org/springframework/boot/spring-boot-test/2.2.7.RELEASE/spring-boot-test-2.2.7.RELEASE.jar:/Users/user/.m2/repository/org/springframework/boot/spring-boot/2.2.7.RELEASE/spring-boot-2.2.7.RELEASE.jar:/Users/user/.m2/repository/org/springframework/security/spring-security-test/5.2.4.RELEASE/spring-security-test-5.2.4.RELEASE.jar:/Users/user/.m2/repository/org/springframework/security/spring-security-core/5.2.4.RELEASE/spring-security-core-5.2.4.RELEASE.jar:/Users/user/.m2/repository/com/tngtech/archunit/archunit-junit5-api/0.14.1/archunit-junit5-api-0.14.1.jar:/Users/user/.m2/repository/com/tngtech/archunit/archunit/0.14.1/archunit-0.14.1.jar:/Users/user/.m2/repository/com/tngtech/archunit/archunit-junit5-engine/0.14.1/archunit-junit5-engine-0.14.1.jar:/Users/user/.m2/repository/com/tngtech/archunit/archunit-junit5-engine-api/0.14.1/archunit-junit5-engine-api-0.14.1.jar:/Users/user/.m2/repository/org/junit/platform/junit-platform-engine/1.5.2/junit-platform-engine-1.5.2.jar:/Users/user/.m2/repository/org/zalando/problem-spring-web/0.25.2/problem-spring-web-0.25.2.jar:/Users/user/.m2/repository/org/zalando/problem-violations/0.25.2/problem-violations-0.25.2.jar:/Users/user/.m2/repository/org/zalando/problem-spring-common/0.25.2/problem-spring-common-0.25.2.jar:/Users/user/.m2/repository/org/apiguardian/apiguardian-api/1.1.0/apiguardian-api-1.1.0.jar:/Users/user/.m2/repository/com/google/code/findbugs/jsr305/3.0.2/jsr305-3.0.2.jar:/Users/user/.m2/repository/org/zalando/problem/0.23.0/problem-0.23.0.jar:/Users/user/.m2/repository/org/zalando/jackson-datatype-problem/0.23.0/jackson-datatype-problem-0.23.0.jar:/Users/user/.m2/repository/org/zalando/faux-pas/0.8.0/faux-pas-0.8.0.jar:/Users/user/.m2/repository/javax/validation/validation-api/2.0.1.Final/validation-api-2.0.1.Final.jar:/Users/user/.m2/repository/io/jsonwebtoken/jjwt-api/0.11.1/jjwt-api-0.11.1.jar:/Users/user/.m2/repository/io/jsonwebtoken/jjwt-impl/0.11.1/jjwt-impl-0.11.1.jar:/Users/user/.m2/repository/io/jsonwebtoken/jjwt-jackson/0.11.1/jjwt-jackson-0.11.1.jar:/Users/user/.m2/repository/org/springframework/boot/spring-boot-starter-cloud-connectors/2.2.7.RELEASE/spring-boot-starter-cloud-connectors-2.2.7.RELEASE.jar:/Users/user/.m2/repository/org/springframework/cloud/spring-cloud-spring-service-connector/2.0.7.RELEASE/spring-cloud-spring-service-connector-2.0.7.RELEASE.jar:/Users/user/.m2/repository/org/springframework/cloud/spring-cloud-connectors-core/2.0.7.RELEASE/spring-cloud-connectors-core-2.0.7.RELEASE.jar:/Users/user/.m2/repository/org/springframework/cloud/spring-cloud-cloudfoundry-connector/2.0.7.RELEASE/spring-cloud-cloudfoundry-connector-2.0.7.RELEASE.jar:/Users/user/.m2/repository/org/springframework/cloud/spring-cloud-heroku-connector/2.0.7.RELEASE/spring-cloud-heroku-connector-2.0.7.RELEASE.jar:/Users/user/.m2/repository/org/springframework/cloud/spring-cloud-localconfig-connector/2.0.7.RELEASE/spring-cloud-localconfig-connector-2.0.7.RELEASE.jar:/Users/user/.m2/repository/org/springframework/security/spring-security-data/5.2.4.RELEASE/spring-security-data-5.2.4.RELEASE.jar:/Users/user/.m2/repository/javax/xml/bind/jaxb-api/2.3.1/jaxb-api-2.3.1.jar:/Users/user/.m2/repository/javax/activation/javax.activation-api/1.2.0/javax.activation-api-1.2.0.jar:/Users/user/.m2/repository/org/springframework/data/spring-data-commons/2.2.7.RELEASE/spring-data-commons-2.2.7.RELEASE.jar:/Users/user/.m2/repository/io/micrometer/micrometer-registry-prometheus/1.4.2/micrometer-registry-prometheus-1.4.2.jar:/Users/user/.m2/repository/io/prometheus/simpleclient_common/0.8.1/simpleclient_common-0.8.1.jar:/Users/user/.m2/repository/io/prometheus/simpleclient/0.9.0/simpleclient-0.9.0.jar:/Users/user/.m2/repository/io/dropwizard/metrics/metrics-core/4.1.9/metrics-core-4.1.9.jar:/Users/user/.m2/repository/org/springframework/boot/spring-boot-starter-undertow/2.2.7.RELEASE/spring-boot-starter-undertow-2.2.7.RELEASE.jar:/Users/user/.m2/repository/io/undertow/undertow-core/2.0.30.Final/undertow-core-2.0.30.Final.jar:/Users/user/.m2/repository/org/jboss/logging/jboss-logging/3.4.1.Final/jboss-logging-3.4.1.Final.jar:/Users/user/.m2/repository/org/jboss/xnio/xnio-api/3.3.8.Final/xnio-api-3.3.8.Final.jar:/Users/user/.m2/repository/org/jboss/xnio/xnio-nio/3.3.8.Final/xnio-nio-3.3.8.Final.jar:/Users/user/.m2/repository/io/undertow/undertow-servlet/2.0.30.Final/undertow-servlet-2.0.30.Final.jar:/Users/user/.m2/repository/org/jboss/spec/javax/annotation/jboss-annotations-api_1.2_spec/1.0.2.Final/jboss-annotations-api_1.2_spec-1.0.2.Final.jar:/Users/user/.m2/repository/io/undertow/undertow-websockets-jsr/2.0.30.Final/undertow-websockets-jsr-2.0.30.Final.jar:/Users/user/.m2/repository/org/jboss/spec/javax/websocket/jboss-websocket-api_1.1_spec/1.1.4.Final/jboss-websocket-api_1.1_spec-1.1.4.Final.jar:/Users/user/.m2/repository/jakarta/servlet/jakarta.servlet-api/4.0.3/jakarta.servlet-api-4.0.3.jar:/Users/user/.m2/repository/org/glassfish/jakarta.el/3.0.3/jakarta.el-3.0.3.jar:/Users/user/.m2/repository/org/springframework/boot/spring-boot-devtools/2.2.7.RELEASE/spring-boot-devtools-2.2.7.RELEASE.jar:"/>
    <property name="java.vm.vendor" value="Oracle Corporation"/>
    <property name="sun.arch.data.model" value="64"/>
    <property name="java.vendor.url" value="https://openjdk.java.net/"/>
    <property name="user.timezone" value="Europe/Dublin"/>
    <property name="os.name" value="Mac OS X"/>
    <property name="java.vm.specification.version" value="14"/>
    <property name="sun.java.launcher" value="SUN_STANDARD"/>
    <property name="user.country" value="IE"/>
    <property name="sun.boot.library.path" value="/usr/local/Cellar/openjdk/14.0.1/libexec/openjdk.jdk/Contents/Home/lib"/>
    <property name="sun.java.command" value="/Users/user/Martin-IOT/git/i3market-api/target/surefire/surefirebooter10972750993690051199.jar /Users/user/Martin-IOT/git/i3market-api/target/surefire 2020-10-25T16-29-34_373-jvmRun1 surefire9366759753939717742tmp surefire_015618156200355147782tmp"/>
    <property name="http.nonProxyHosts" value="local|*.local|169.254/16|*.169.254/16"/>
    <property name="jdk.debug" value="release"/>
    <property name="surefire.test.class.path" value="/Users/user/Martin-IOT/git/i3market-api/target/test-classes:/Users/user/Martin-IOT/git/i3market-api/target/classes:/Users/user/.m2/repository/org/apache/jena/jena-arq/3.14.0/jena-arq-3.14.0.jar:/Users/user/.m2/repository/org/apache/jena/jena-shaded-guava/3.14.0/jena-shaded-guava-3.14.0.jar:/Users/user/.m2/repository/org/apache/httpcomponents/httpclient/4.5.12/httpclient-4.5.12.jar:/Users/user/.m2/repository/org/apache/httpcomponents/httpcore/4.4.13/httpcore-4.4.13.jar:/Users/user/.m2/repository/com/github/jsonld-java/jsonld-java/0.12.5/jsonld-java-0.12.5.jar:/Users/user/.m2/repository/commons-io/commons-io/2.6/commons-io-2.6.jar:/Users/user/.m2/repository/com/fasterxml/jackson/core/jackson-core/2.10.4/jackson-core-2.10.4.jar:/Users/user/.m2/repository/com/fasterxml/jackson/core/jackson-databind/2.10.4/jackson-databind-2.10.4.jar:/Users/user/.m2/repository/org/apache/httpcomponents/httpclient-cache/4.5.12/httpclient-cache-4.5.12.jar:/Users/user/.m2/repository/org/apache/thrift/libthrift/0.13.0/libthrift-0.13.0.jar:/Users/user/.m2/repository/org/slf4j/jcl-over-slf4j/1.7.30/jcl-over-slf4j-1.7.30.jar:/Users/user/.m2/repository/org/apache/commons/commons-lang3/3.9/commons-lang3-3.9.jar:/Users/user/.m2/repository/org/slf4j/slf4j-api/1.7.30/slf4j-api-1.7.30.jar:/Users/user/.m2/repository/org/apache/jena/jena-core/3.14.0/jena-core-3.14.0.jar:/Users/user/.m2/repository/org/apache/jena/jena-iri/3.14.0/jena-iri-3.14.0.jar:/Users/user/.m2/repository/commons-cli/commons-cli/1.4/commons-cli-1.4.jar:/Users/user/.m2/repository/commons-codec/commons-codec/1.13/commons-codec-1.13.jar:/Users/user/.m2/repository/org/apache/jena/jena-base/3.14.0/jena-base-3.14.0.jar:/Users/user/.m2/repository/org/apache/commons/commons-csv/1.7/commons-csv-1.7.jar:/Users/user/.m2/repository/com/github/andrewoma/dexx/collection/0.7/collection-0.7.jar:/Users/user/.m2/repository/org/apache/jena/jena-rdfconnection/3.10.0/jena-rdfconnection-3.10.0.jar:/Users/user/.m2/repository/io/github/jhipster/jhipster-framework/3.9.0/jhipster-framework-3.9.0.jar:/Users/user/.m2/repository/org/springframework/spring-context-support/5.2.6.RELEASE/spring-context-support-5.2.6.RELEASE.jar:/Users/user/.m2/repository/org/springframework/spring-beans/5.2.6.RELEASE/spring-beans-5.2.6.RELEASE.jar:/Users/user/.m2/repository/org/springframework/spring-context/5.2.6.RELEASE/spring-context-5.2.6.RELEASE.jar:/Users/user/.m2/repository/org/springframework/boot/spring-boot-autoconfigure/2.2.7.RELEASE/spring-boot-autoconfigure-2.2.7.RELEASE.jar:/Users/user/.m2/repository/javax/annotation/javax.annotation-api/1.3.2/javax.annotation-api-1.3.2.jar:/Users/user/.m2/repository/org/springframework/boot/spring-boot-starter-cache/2.2.7.RELEASE/spring-boot-starter-cache-2.2.7.RELEASE.jar:/Users/user/.m2/repository/org/springframework/boot/spring-boot-starter/2.2.7.RELEASE/spring-boot-starter-2.2.7.RELEASE.jar:/Users/user/.m2/repository/jakarta/annotation/jakarta.annotation-api/1.3.5/jakarta.annotation-api-1.3.5.jar:/Users/user/.m2/repository/org/yaml/snakeyaml/1.25/snakeyaml-1.25.jar:/Users/user/.m2/repository/com/fasterxml/jackson/datatype/jackson-datatype-hppc/2.10.4/jackson-datatype-hppc-2.10.4.jar:/Users/user/.m2/repository/com/carrotsearch/hppc/0.8.1/hppc-0.8.1.jar:/Users/user/.m2/repository/com/fasterxml/jackson/datatype/jackson-datatype-jsr310/2.10.4/jackson-datatype-jsr310-2.10.4.jar:/Users/user/.m2/repository/com/fasterxml/jackson/core/jackson-annotations/2.10.4/jackson-annotations-2.10.4.jar:/Users/user/.m2/repository/io/springfox/springfox-swagger2/2.9.2/springfox-swagger2-2.9.2.jar:/Users/user/.m2/repository/io/swagger/swagger-annotations/1.5.20/swagger-annotations-1.5.20.jar:/Users/user/.m2/repository/io/swagger/swagger-models/1.5.20/swagger-models-1.5.20.jar:/Users/user/.m2/repository/io/springfox/springfox-spi/2.9.2/springfox-spi-2.9.2.jar:/Users/user/.m2/repository/io/springfox/springfox-core/2.9.2/springfox-core-2.9.2.jar:/Users/user/.m2/repository/io/springfox/springfox-schema/2.9.2/springfox-schema-2.9.2.jar:/Users/user/.m2/repository/io/springfox/springfox-swagger-common/2.9.2/springfox-swagger-common-2.9.2.jar:/Users/user/.m2/repository/io/springfox/springfox-spring-web/2.9.2/springfox-spring-web-2.9.2.jar:/Users/user/.m2/repository/com/google/guava/guava/29.0-jre/guava-29.0-jre.jar:/Users/user/.m2/repository/com/google/guava/failureaccess/1.0.1/failureaccess-1.0.1.jar:/Users/user/.m2/repository/com/google/guava/listenablefuture/9999.0-empty-to-avoid-conflict-with-guava/listenablefuture-9999.0-empty-to-avoid-conflict-with-guava.jar:/Users/user/.m2/repository/org/checkerframework/checker-qual/2.11.1/checker-qual-2.11.1.jar:/Users/user/.m2/repository/com/google/errorprone/error_prone_annotations/2.3.4/error_prone_annotations-2.3.4.jar:/Users/user/.m2/repository/com/google/j2objc/j2objc-annotations/1.3/j2objc-annotations-1.3.jar:/Users/user/.m2/repository/com/fasterxml/classmate/1.5.1/classmate-1.5.1.jar:/Users/user/.m2/repository/org/springframework/plugin/spring-plugin-core/1.2.0.RELEASE/spring-plugin-core-1.2.0.RELEASE.jar:/Users/user/.m2/repository/org/springframework/plugin/spring-plugin-metadata/1.2.0.RELEASE/spring-plugin-metadata-1.2.0.RELEASE.jar:/Users/user/.m2/repository/io/springfox/springfox-swagger-ui/2.9.2/springfox-swagger-ui-2.9.2.jar:/Users/user/.m2/repository/io/springfox/springfox-bean-validators/2.9.2/springfox-bean-validators-2.9.2.jar:/Users/user/.m2/repository/javax/cache/cache-api/1.1.1/cache-api-1.1.1.jar:/Users/user/.m2/repository/org/ehcache/ehcache/3.8.1/ehcache-3.8.1.jar:/Users/user/.m2/repository/org/glassfish/jaxb/jaxb-runtime/2.3.3/jaxb-runtime-2.3.3.jar:/Users/user/.m2/repository/org/glassfish/jaxb/txw2/2.3.3/txw2-2.3.3.jar:/Users/user/.m2/repository/com/sun/istack/istack-commons-runtime/3.0.11/istack-commons-runtime-3.0.11.jar:/Users/user/.m2/repository/com/sun/activation/jakarta.activation/1.2.2/jakarta.activation-1.2.2.jar:/Users/user/.m2/repository/net/logstash/logback/logstash-logback-encoder/6.3/logstash-logback-encoder-6.3.jar:/Users/user/.m2/repository/org/mapstruct/mapstruct/1.3.1.Final/mapstruct-1.3.1.Final.jar:/Users/user/.m2/repository/org/mapstruct/mapstruct-processor/1.3.1.Final/mapstruct-processor-1.3.1.Final.jar:/Users/user/.m2/repository/org/springframework/boot/spring-boot-configuration-processor/2.2.7.RELEASE/spring-boot-configuration-processor-2.2.7.RELEASE.jar:/Users/user/.m2/repository/org/springframework/boot/spring-boot-loader-tools/2.2.7.RELEASE/spring-boot-loader-tools-2.2.7.RELEASE.jar:/Users/user/.m2/repository/org/springframework/spring-core/5.2.6.RELEASE/spring-core-5.2.6.RELEASE.jar:/Users/user/.m2/repository/org/springframework/spring-jcl/5.2.6.RELEASE/spring-jcl-5.2.6.RELEASE.jar:/Users/user/.m2/repository/org/apache/commons/commons-compress/1.19/commons-compress-1.19.jar:/Users/user/.m2/repository/org/springframework/boot/spring-boot-starter-actuator/2.2.7.RELEASE/spring-boot-starter-actuator-2.2.7.RELEASE.jar:/Users/user/.m2/repository/org/springframework/boot/spring-boot-actuator-autoconfigure/2.2.7.RELEASE/spring-boot-actuator-autoconfigure-2.2.7.RELEASE.jar:/Users/user/.m2/repository/org/springframework/boot/spring-boot-actuator/2.2.7.RELEASE/spring-boot-actuator-2.2.7.RELEASE.jar:/Users/user/.m2/repository/io/micrometer/micrometer-core/1.4.2/micrometer-core-1.4.2.jar:/Users/user/.m2/repository/org/hdrhistogram/HdrHistogram/2.1.12/HdrHistogram-2.1.12.jar:/Users/user/.m2/repository/org/latencyutils/LatencyUtils/2.0.3/LatencyUtils-2.0.3.jar:/Users/user/.m2/repository/org/springframework/boot/spring-boot-starter-aop/2.2.7.RELEASE/spring-boot-starter-aop-2.2.7.RELEASE.jar:/Users/user/.m2/repository/org/springframework/spring-aop/5.2.6.RELEASE/spring-aop-5.2.6.RELEASE.jar:/Users/user/.m2/repository/org/aspectj/aspectjweaver/1.9.5/aspectjweaver-1.9.5.jar:/Users/user/.m2/repository/org/springframework/boot/spring-boot-starter-logging/2.2.7.RELEASE/spring-boot-starter-logging-2.2.7.RELEASE.jar:/Users/user/.m2/repository/ch/qos/logback/logback-classic/1.2.3/logback-classic-1.2.3.jar:/Users/user/.m2/repository/ch/qos/logback/logback-core/1.2.3/logback-core-1.2.3.jar:/Users/user/.m2/repository/org/apache/logging/log4j/log4j-to-slf4j/2.12.1/log4j-to-slf4j-2.12.1.jar:/Users/user/.m2/repository/org/apache/logging/log4j/log4j-api/2.12.1/log4j-api-2.12.1.jar:/Users/user/.m2/repository/org/slf4j/jul-to-slf4j/1.7.30/jul-to-slf4j-1.7.30.jar:/Users/user/.m2/repository/org/springframework/boot/spring-boot-starter-mail/2.2.7.RELEASE/spring-boot-starter-mail-2.2.7.RELEASE.jar:/Users/user/.m2/repository/com/sun/mail/jakarta.mail/1.6.5/jakarta.mail-1.6.5.jar:/Users/user/.m2/repository/org/springframework/boot/spring-boot-starter-security/2.2.7.RELEASE/spring-boot-starter-security-2.2.7.RELEASE.jar:/Users/user/.m2/repository/org/springframework/security/spring-security-config/5.2.4.RELEASE/spring-security-config-5.2.4.RELEASE.jar:/Users/user/.m2/repository/org/springframework/security/spring-security-web/5.2.4.RELEASE/spring-security-web-5.2.4.RELEASE.jar:/Users/user/.m2/repository/org/springframework/spring-expression/5.2.6.RELEASE/spring-expression-5.2.6.RELEASE.jar:/Users/user/.m2/repository/org/springframework/boot/spring-boot-starter-thymeleaf/2.2.7.RELEASE/spring-boot-starter-thymeleaf-2.2.7.RELEASE.jar:/Users/user/.m2/repository/org/thymeleaf/thymeleaf-spring5/3.0.11.RELEASE/thymeleaf-spring5-3.0.11.RELEASE.jar:/Users/user/.m2/repository/org/thymeleaf/thymeleaf/3.0.11.RELEASE/thymeleaf-3.0.11.RELEASE.jar:/Users/user/.m2/repository/org/attoparser/attoparser/2.0.5.RELEASE/attoparser-2.0.5.RELEASE.jar:/Users/user/.m2/repository/org/unbescape/unbescape/1.1.6.RELEASE/unbescape-1.1.6.RELEASE.jar:/Users/user/.m2/repository/org/thymeleaf/extras/thymeleaf-extras-java8time/3.0.4.RELEASE/thymeleaf-extras-java8time-3.0.4.RELEASE.jar:/Users/user/.m2/repository/org/springframework/boot/spring-boot-starter-web/2.2.7.RELEASE/spring-boot-starter-web-2.2.7.RELEASE.jar:/Users/user/.m2/repository/org/springframework/boot/spring-boot-starter-json/2.2.7.RELEASE/spring-boot-starter-json-2.2.7.RELEASE.jar:/Users/user/.m2/repository/com/fasterxml/jackson/datatype/jackson-datatype-jdk8/2.10.4/jackson-datatype-jdk8-2.10.4.jar:/Users/user/.m2/repository/com/fasterxml/jackson/module/jackson-module-parameter-names/2.10.4/jackson-module-parameter-names-2.10.4.jar:/Users/user/.m2/repository/org/springframework/boot/spring-boot-starter-validation/2.2.7.RELEASE/spring-boot-starter-validation-2.2.7.RELEASE.jar:/Users/user/.m2/repository/jakarta/validation/jakarta.validation-api/2.0.2/jakarta.validation-api-2.0.2.jar:/Users/user/.m2/repository/org/hibernate/validator/hibernate-validator/6.0.19.Final/hibernate-validator-6.0.19.Final.jar:/Users/user/.m2/repository/org/springframework/spring-web/5.2.6.RELEASE/spring-web-5.2.6.RELEASE.jar:/Users/user/.m2/repository/org/springframework/spring-webmvc/5.2.6.RELEASE/spring-webmvc-5.2.6.RELEASE.jar:/Users/user/.m2/repository/org/springframework/boot/spring-boot-starter-test/2.2.7.RELEASE/spring-boot-starter-test-2.2.7.RELEASE.jar:/Users/user/.m2/repository/org/springframework/boot/spring-boot-test-autoconfigure/2.2.7.RELEASE/spring-boot-test-autoconfigure-2.2.7.RELEASE.jar:/Users/user/.m2/repository/com/jayway/jsonpath/json-path/2.4.0/json-path-2.4.0.jar:/Users/user/.m2/repository/net/minidev/json-smart/2.3/json-smart-2.3.jar:/Users/user/.m2/repository/net/minidev/accessors-smart/1.2/accessors-smart-1.2.jar:/Users/user/.m2/repository/org/ow2/asm/asm/5.0.4/asm-5.0.4.jar:/Users/user/.m2/repository/jakarta/xml/bind/jakarta.xml.bind-api/2.3.3/jakarta.xml.bind-api-2.3.3.jar:/Users/user/.m2/repository/jakarta/activation/jakarta.activation-api/1.2.2/jakarta.activation-api-1.2.2.jar:/Users/user/.m2/repository/org/junit/jupiter/junit-jupiter/5.5.2/junit-jupiter-5.5.2.jar:/Users/user/.m2/repository/org/junit/jupiter/junit-jupiter-api/5.5.2/junit-jupiter-api-5.5.2.jar:/Users/user/.m2/repository/org/opentest4j/opentest4j/1.2.0/opentest4j-1.2.0.jar:/Users/user/.m2/repository/org/junit/platform/junit-platform-commons/1.5.2/junit-platform-commons-1.5.2.jar:/Users/user/.m2/repository/org/junit/jupiter/junit-jupiter-params/5.5.2/junit-jupiter-params-5.5.2.jar:/Users/user/.m2/repository/org/junit/jupiter/junit-jupiter-engine/5.5.2/junit-jupiter-engine-5.5.2.jar:/Users/user/.m2/repository/org/mockito/mockito-junit-jupiter/3.1.0/mockito-junit-jupiter-3.1.0.jar:/Users/user/.m2/repository/org/assertj/assertj-core/3.13.2/assertj-core-3.13.2.jar:/Users/user/.m2/repository/org/hamcrest/hamcrest/2.1/hamcrest-2.1.jar:/Users/user/.m2/repository/org/mockito/mockito-core/3.1.0/mockito-core-3.1.0.jar:/Users/user/.m2/repository/net/bytebuddy/byte-buddy/1.10.10/byte-buddy-1.10.10.jar:/Users/user/.m2/repository/net/bytebuddy/byte-buddy-agent/1.10.10/byte-buddy-agent-1.10.10.jar:/Users/user/.m2/repository/org/objenesis/objenesis/2.6/objenesis-2.6.jar:/Users/user/.m2/repository/org/skyscreamer/jsonassert/1.5.0/jsonassert-1.5.0.jar:/Users/user/.m2/repository/org/springframework/spring-test/5.2.6.RELEASE/spring-test-5.2.6.RELEASE.jar:/Users/user/.m2/repository/org/xmlunit/xmlunit-core/2.6.4/xmlunit-core-2.6.4.jar:/Users/user/.m2/repository/org/springframework/boot/spring-boot-test/2.2.7.RELEASE/spring-boot-test-2.2.7.RELEASE.jar:/Users/user/.m2/repository/org/springframework/boot/spring-boot/2.2.7.RELEASE/spring-boot-2.2.7.RELEASE.jar:/Users/user/.m2/repository/org/springframework/security/spring-security-test/5.2.4.RELEASE/spring-security-test-5.2.4.RELEASE.jar:/Users/user/.m2/repository/org/springframework/security/spring-security-core/5.2.4.RELEASE/spring-security-core-5.2.4.RELEASE.jar:/Users/user/.m2/repository/com/tngtech/archunit/archunit-junit5-api/0.14.1/archunit-junit5-api-0.14.1.jar:/Users/user/.m2/repository/com/tngtech/archunit/archunit/0.14.1/archunit-0.14.1.jar:/Users/user/.m2/repository/com/tngtech/archunit/archunit-junit5-engine/0.14.1/archunit-junit5-engine-0.14.1.jar:/Users/user/.m2/repository/com/tngtech/archunit/archunit-junit5-engine-api/0.14.1/archunit-junit5-engine-api-0.14.1.jar:/Users/user/.m2/repository/org/junit/platform/junit-platform-engine/1.5.2/junit-platform-engine-1.5.2.jar:/Users/user/.m2/repository/org/zalando/problem-spring-web/0.25.2/problem-spring-web-0.25.2.jar:/Users/user/.m2/repository/org/zalando/problem-violations/0.25.2/problem-violations-0.25.2.jar:/Users/user/.m2/repository/org/zalando/problem-spring-common/0.25.2/problem-spring-common-0.25.2.jar:/Users/user/.m2/repository/org/apiguardian/apiguardian-api/1.1.0/apiguardian-api-1.1.0.jar:/Users/user/.m2/repository/com/google/code/findbugs/jsr305/3.0.2/jsr305-3.0.2.jar:/Users/user/.m2/repository/org/zalando/problem/0.23.0/problem-0.23.0.jar:/Users/user/.m2/repository/org/zalando/jackson-datatype-problem/0.23.0/jackson-datatype-problem-0.23.0.jar:/Users/user/.m2/repository/org/zalando/faux-pas/0.8.0/faux-pas-0.8.0.jar:/Users/user/.m2/repository/javax/validation/validation-api/2.0.1.Final/validation-api-2.0.1.Final.jar:/Users/user/.m2/repository/io/jsonwebtoken/jjwt-api/0.11.1/jjwt-api-0.11.1.jar:/Users/user/.m2/repository/io/jsonwebtoken/jjwt-impl/0.11.1/jjwt-impl-0.11.1.jar:/Users/user/.m2/repository/io/jsonwebtoken/jjwt-jackson/0.11.1/jjwt-jackson-0.11.1.jar:/Users/user/.m2/repository/org/springframework/boot/spring-boot-starter-cloud-connectors/2.2.7.RELEASE/spring-boot-starter-cloud-connectors-2.2.7.RELEASE.jar:/Users/user/.m2/repository/org/springframework/cloud/spring-cloud-spring-service-connector/2.0.7.RELEASE/spring-cloud-spring-service-connector-2.0.7.RELEASE.jar:/Users/user/.m2/repository/org/springframework/cloud/spring-cloud-connectors-core/2.0.7.RELEASE/spring-cloud-connectors-core-2.0.7.RELEASE.jar:/Users/user/.m2/repository/org/springframework/cloud/spring-cloud-cloudfoundry-connector/2.0.7.RELEASE/spring-cloud-cloudfoundry-connector-2.0.7.RELEASE.jar:/Users/user/.m2/repository/org/springframework/cloud/spring-cloud-heroku-connector/2.0.7.RELEASE/spring-cloud-heroku-connector-2.0.7.RELEASE.jar:/Users/user/.m2/repository/org/springframework/cloud/spring-cloud-localconfig-connector/2.0.7.RELEASE/spring-cloud-localconfig-connector-2.0.7.RELEASE.jar:/Users/user/.m2/repository/org/springframework/security/spring-security-data/5.2.4.RELEASE/spring-security-data-5.2.4.RELEASE.jar:/Users/user/.m2/repository/javax/xml/bind/jaxb-api/2.3.1/jaxb-api-2.3.1.jar:/Users/user/.m2/repository/javax/activation/javax.activation-api/1.2.0/javax.activation-api-1.2.0.jar:/Users/user/.m2/repository/org/springframework/data/spring-data-commons/2.2.7.RELEASE/spring-data-commons-2.2.7.RELEASE.jar:/Users/user/.m2/repository/io/micrometer/micrometer-registry-prometheus/1.4.2/micrometer-registry-prometheus-1.4.2.jar:/Users/user/.m2/repository/io/prometheus/simpleclient_common/0.8.1/simpleclient_common-0.8.1.jar:/Users/user/.m2/repository/io/prometheus/simpleclient/0.9.0/simpleclient-0.9.0.jar:/Users/user/.m2/repository/io/dropwizard/metrics/metrics-core/4.1.9/metrics-core-4.1.9.jar:/Users/user/.m2/repository/org/springframework/boot/spring-boot-starter-undertow/2.2.7.RELEASE/spring-boot-starter-undertow-2.2.7.RELEASE.jar:/Users/user/.m2/repository/io/undertow/undertow-core/2.0.30.Final/undertow-core-2.0.30.Final.jar:/Users/user/.m2/repository/org/jboss/logging/jboss-logging/3.4.1.Final/jboss-logging-3.4.1.Final.jar:/Users/user/.m2/repository/org/jboss/xnio/xnio-api/3.3.8.Final/xnio-api-3.3.8.Final.jar:/Users/user/.m2/repository/org/jboss/xnio/xnio-nio/3.3.8.Final/xnio-nio-3.3.8.Final.jar:/Users/user/.m2/repository/io/undertow/undertow-servlet/2.0.30.Final/undertow-servlet-2.0.30.Final.jar:/Users/user/.m2/repository/org/jboss/spec/javax/annotation/jboss-annotations-api_1.2_spec/1.0.2.Final/jboss-annotations-api_1.2_spec-1.0.2.Final.jar:/Users/user/.m2/repository/io/undertow/undertow-websockets-jsr/2.0.30.Final/undertow-websockets-jsr-2.0.30.Final.jar:/Users/user/.m2/repository/org/jboss/spec/javax/websocket/jboss-websocket-api_1.1_spec/1.1.4.Final/jboss-websocket-api_1.1_spec-1.1.4.Final.jar:/Users/user/.m2/repository/jakarta/servlet/jakarta.servlet-api/4.0.3/jakarta.servlet-api-4.0.3.jar:/Users/user/.m2/repository/org/glassfish/jakarta.el/3.0.3/jakarta.el-3.0.3.jar:/Users/user/.m2/repository/org/springframework/boot/spring-boot-devtools/2.2.7.RELEASE/spring-boot-devtools-2.2.7.RELEASE.jar:"/>
    <property name="sun.cpu.endian" value="little"/>
    <property name="user.home" value="/Users/user"/>
    <property name="user.language" value="en"/>
    <property name="java.specification.vendor" value="Oracle Corporation"/>
    <property name="java.version.date" value="2020-04-14"/>
    <property name="java.home" value="/usr/local/Cellar/openjdk/14.0.1/libexec/openjdk.jdk/Contents/Home"/>
    <property name="file.separator" value="/"/>
    <property name="basedir" value="/Users/user/Martin-IOT/git/i3market-api"/>
    <property name="java.vm.compressedOopsMode" value="Zero based"/>
    <property name="line.separator" value="&#10;"/>
    <property name="java.vm.specification.vendor" value="Oracle Corporation"/>
    <property name="java.specification.name" value="Java Platform API Specification"/>
    <property name="java.awt.headless" value="true"/>
    <property name="surefire.real.class.path" value="/Users/user/Martin-IOT/git/i3market-api/target/surefire/surefirebooter10972750993690051199.jar"/>
    <property name="sun.management.compiler" value="HotSpot 64-Bit Tiered Compilers"/>
    <property name="ftp.nonProxyHosts" value="local|*.local|169.254/16|*.169.254/16"/>
    <property name="java.runtime.version" value="14.0.1+14"/>
    <property name="user.name" value="qaiser"/>
    <property name="path.separator" value=":"/>
    <property name="java.security.egd" value="file:/dev/./urandom"/>
    <property name="os.version" value="10.14.6"/>
    <property name="java.runtime.name" value="OpenJDK Runtime Environment"/>
    <property name="file.encoding" value="UTF-8"/>
    <property name="spring.beaninfo.ignore" value="true"/>
    <property name="java.vm.name" value="OpenJDK 64-Bit Server VM"/>
    <property name="localRepository" value="/Users/user/.m2/repository"/>
    <property name="java.vendor.url.bug" value="https://bugreport.java.com/bugreport/"/>
    <property name="java.io.tmpdir" value="/var/folders/1p/jrrc6qhd1rj168mtlgbbxnmc0000gn/T/"/>
    <property name="java.version" value="14.0.1"/>
    <property name="user.dir" value="/Users/user/Martin-IOT/git/i3market-api"/>
    <property name="os.arch" value="x86_64"/>
    <property name="java.vm.specification.name" value="Java Virtual Machine Specification"/>
    <property name="PID" value="15780"/>
    <property name="java.library.path" value="/Users/user/Library/Java/Extensions:/Library/Java/Extensions:/Network/Library/Java/Extensions:/System/Library/Java/Extensions:/usr/lib/java:."/>
    <property name="java.vm.info" value="mixed mode, sharing"/>
    <property name="java.vendor" value="N/A"/>
    <property name="java.vm.version" value="14.0.1+14"/>
    <property name="sun.io.unicode.encoding" value="UnicodeBig"/>
    <property name="socksNonProxyHosts" value="local|*.local|169.254/16|*.169.254/16"/>
    <property name="java.class.version" value="58.0"/>
  </properties>
  <testcase name="testGetExistingAccount" classname="ie.nuig.i3market.web.rest.AccountResourceIT" time="0.853"/>
</testsuite>